1624898634437	geckodriver	INFO	Listening on 127.0.0.1:9174
1624898637489	mozrunner::runner	INFO	Running command: "C:\\Program Files\\Mozilla Firefox\\firefox.exe" "--marionette" "-foreground" "-no-remote" "-profile" "C:\\Users\\Lambd\\AppData\\Local\\Temp\\rust_mozprofileYhIyyt"
1624898638000	Marionette	INFO	Marionette enabled
JavaScript error: resource://gre/modules/XULStore.jsm, line 66: Error: Can't find profile directory.
console.warn: SearchSettings: "get: No settings file exists, new profile?" (new NotFoundError("Could not open the file at C:\\Users\\Lambd\\AppData\\Local\\Temp\\rust_mozprofileYhIyyt\\search.json.mozlz4", (void 0)))
[Parent 29412, IPC I/O Parent] WARNING: file /builds/worker/checkouts/gecko/ipc/chromium/src/base/process_util_win.cc:167
1624898640675	Marionette	INFO	Listening on port 14945
1624898641166	Marionette	WARN	TLS certificate errors will be ignored for this session
JavaScript error: resource:///actors/ContentMetaChild.jsm, line 179: InvalidStateError: JSWindowActorChild.sendAsyncMessage: JSWindowActorChild cannot send at the moment
1624899008087	Marionette	INFO	Stopped listening on port 14945
898997087	mozrunner::runner	INFO	Running command: "C:\\Program Files\\Mozilla Firefox\\firefox.exe" "--marionette" "-foreground" "-no-remote" "-profile" "C:\\Users\\Lambd\\AppData\\Local\\Temp\\rust_mozprofilecekNH2"
1624898997714	Marionette	INFO	Marionette enabled
JavaScript error: resource://gre/modules/XULStore.jsm, line 66: Error: Can't find profile directory.
console.warn: SearchSettings: "get: No settings file exists, new profile?" (new NotFoundError("Could not open the file at C:\\Users\\Lambd\\AppData\\Local\\Temp\\rust_mozprofilecekNH2\\search.json.mozlz4", (void 0)))
1624899003724	Marionette	INFO	Listening on port 9281
1624899004086	Marionette	WARN	TLS certificate errors will be ignored for this session
JavaScript error: resource://gre/modules/XULStore.jsm, line 66: Error: Can't find profile directory.
JavaScript error: resource://gre/modules/XULStore.jsm, line 66: Error: Can't find profile directory.
JavaScript error: resource://gre/modules/XULStore.jsm, line 66: Error: Can't find profile directory.
JavaScript error: resource://gre/modules/XULStore.jsm, line 66: Error: Can't find profile directory.
JavaScript error: resource://gre/modules/XULStore.jsm, line 66: Error: Can't find profile directory.
JavaScript error: resource:///modules/FaviconLoader.jsm, line 596: InvalidStateError: JSWindowActorChild.sendAsyncMessage: JSWindowActorChild cannot send at the moment
1624899133676	geckodriver	INFO	Listening on 127.0.0.1:5131
1624899136712	mozrunner::runner	INFO	Running command: "C:\\Program Files\\Mozilla Firefox\\firefox.exe" "--marionette" "-foreground" "-no-remote" "-profile" "C:\\Users\\Lambd\\AppData\\Local\\Temp\\rust_mozprofileHUl4xo"
1624899137303	Marionette	INFO	Marionette enabled
JavaScript error: resource://gre/modules/XULStore.jsm, line 66: Error: Can't find profile directory.
console.warn: SearchSettings: "get: No settings file exists, new profile?" (new NotFoundError("Could not open the file at C:\\Users\\Lambd\\AppData\\Local\\Temp\\rust_mozprofileHUl4xo\\search.json.mozlz4", (void 0)))
1624899140605	Marionette	INFO	Listening on port 1582
1624899140905	Marionette	WARN	TLS certificate errors will be ignored for this session
[Child 22364, IPC I/O Child] WARNING: pipe error: 232: file /builds/worker/checkouts/gecko/ipc/chromium/src/chrome/common/ipc_channel_win.cc:544
[Child 22364, IPC I/O Child] WARNING: pipe error: 232: file /builds/worker/checkouts/gecko/ipc/chromium/src/chrome/common/ipc_channel_win.cc:544
1624899353946	Marionette	INFO	Stopped JavaScript error: resource://gre/modules/XULStore.jsm, line 66: Error: Can't find profile directory.
console.warn: SearchSettings: "get: No settings file exists, new profile?" (new NotFoundError("Could not open the file at C:\\Users\\Lambd\\AppData\\Local\\Temp\\rust_mozprofilepzki6Q\\search.json.mozlz4", (void 0)))
1624899356007	Marionette	INFO	Listening on port 9170
1624899356058	Marionette	WARN	TLS certificate errors will be ignored for this session
JavaScript error: resource:///actors/ContentMetaChild.jsm, line 179: InvalidStateError: JSWindowActorChild.sendAsyncMessage: JSWindowActorChild cannot send at the moment
JavaScript error: resource:///actors/ContentMetaChild.jsm, line 179: InvalidStateError: JSWindowActorChild.sendAsyncMessage: JSWindowActorChild cannot send at the moment
1624899667647	Marionette	INFO	Stopped listening on port 9170

###!!! [Child][RunMessage] Error: Channel closing: too late to send/recv, messages will be lost

